#! /usr/bin/vvp
:ivl_version "0.9.7 " "(v0_9_7)";
:vpi_time_precision + 0;
:vpi_module "system";
:vpi_module "v2005_math";
:vpi_module "va_math";
S_0xb1a1f0 .scope module, "bench" "bench" 2 28;
 .timescale 0 0;
v0xb2c970_0 .var "D", 0 0;
v0xb2ca80_0 .var "clk", 0 0;
v0xb2cb00_0 .net "out1", 0 0, L_0xb2d400; 1 drivers
v0xb2cb80_0 .net "out2", 0 0, v0xb2b950_0; 1 drivers
S_0xb2ba00 .scope module, "x1" "dff1" 2 32, 2 11, S_0xb1a1f0;
 .timescale 0 0;
L_0xb2cc30 .functor NOT 1, v0xb2ca80_0, C4<0>, C4<0>, C4<0>;
v0xb2c650_0 .net "clk", 0 0, v0xb2ca80_0; 1 drivers
v0xb2c740_0 .net "clk_n", 0 0, L_0xb2cc30; 1 drivers
v0xb2c7c0_0 .net "d", 0 0, v0xb2c970_0; 1 drivers
v0xb2c840_0 .alias "q", 0 0, v0xb2cb00_0;
v0xb2c8c0_0 .net "q_m", 0 0, L_0xb2d030; 1 drivers
S_0xb2c090 .scope module, "x2" "dlatch" 2 14, 2 2, S_0xb2ba00;
 .timescale 0 0;
L_0xb2cd70 .functor AND 1, v0xb2c970_0, L_0xb2cc30, C4<1>, C4<1>;
L_0xb2cdd0 .functor AND 1, L_0xb2cf20, L_0xb2cc30, C4<1>, C4<1>;
L_0xb2cf20 .functor NOT 1, v0xb2c970_0, C4<0>, C4<0>, C4<0>;
L_0xb2cf80 .functor NOR 1, L_0xb2cd70, L_0xb2d030, C4<0>, C4<0>;
L_0xb2d030 .functor NOR 1, L_0xb2cdd0, L_0xb2cf80, C4<0>, C4<0>;
v0xb2c180_0 .alias "d", 0 0, v0xb2c7c0_0;
v0xb2c270_0 .net "d_n", 0 0, L_0xb2cf20; 1 drivers
v0xb2c310_0 .alias "en", 0 0, v0xb2c740_0;
v0xb2c3b0_0 .alias "o", 0 0, v0xb2c8c0_0;
v0xb2c430_0 .net "o_n", 0 0, L_0xb2cf80; 1 drivers
v0xb2c4d0_0 .net "r", 0 0, L_0xb2cdd0; 1 drivers
v0xb2c5b0_0 .net "s", 0 0, L_0xb2cd70; 1 drivers
S_0xb2baf0 .scope module, "x3" "dlatch" 2 15, 2 2, S_0xb2ba00;
 .timescale 0 0;
L_0xb2d130 .functor AND 1, v0xb2c970_0, v0xb2ca80_0, C4<1>, C4<1>;
L_0xb2d190 .functor AND 1, L_0xb2d1f0, v0xb2ca80_0, C4<1>, C4<1>;
L_0xb2d1f0 .functor NOT 1, v0xb2c970_0, C4<0>, C4<0>, C4<0>;
L_0xb2c9f0 .functor NOR 1, L_0xb2d130, L_0xb2d400, C4<0>, C4<0>;
L_0xb2d400 .functor NOR 1, L_0xb2d190, L_0xb2c9f0, C4<0>, C4<0>;
v0xb2bbe0_0 .alias "d", 0 0, v0xb2c7c0_0;
v0xb2bcb0_0 .net "d_n", 0 0, L_0xb2d1f0; 1 drivers
v0xb2bd30_0 .alias "en", 0 0, v0xb2c650_0;
v0xb2bde0_0 .alias "o", 0 0, v0xb2cb00_0;
v0xb2be90_0 .net "o_n", 0 0, L_0xb2c9f0; 1 drivers
v0xb2bf10_0 .net "r", 0 0, L_0xb2d190; 1 drivers
v0xb2bff0_0 .net "s", 0 0, L_0xb2d130; 1 drivers
S_0xb1a2e0 .scope module, "x2" "dff2" 2 33, 2 19, S_0xb1a1f0;
 .timescale 0 0;
v0xae2ab0_0 .alias "clk", 0 0, v0xb2c650_0;
v0xb2b810_0 .alias "d", 0 0, v0xb2c7c0_0;
v0xb2b8b0_0 .alias "q", 0 0, v0xb2cb80_0;
v0xb2b950_0 .var "q_reg", 0 0;
E_0xaf5e20 .event posedge, v0xae2ab0_0;
    .scope S_0xb1a2e0;
T_0 ;
    %wait E_0xaf5e20;
    %load/v 8, v0xb2b810_0, 1;
    %set/v v0xb2b950_0, 8, 1;
    %jmp T_0;
    .thread T_0;
    .scope S_0xb1a1f0;
T_1 ;
    %vpi_call 2 36 "$dumpvars", 1'sb0, S_0xb1a1f0;
    %delay 5, 0;
    %set/v v0xb2c970_0, 0, 1;
    %set/v v0xb2ca80_0, 0, 1;
    %delay 5, 0;
    %set/v v0xb2ca80_0, 1, 1;
    %delay 5, 0;
    %set/v v0xb2ca80_0, 0, 1;
    %delay 5, 0;
    %set/v v0xb2c970_0, 1, 1;
    %delay 5, 0;
    %set/v v0xb2ca80_0, 1, 1;
    %delay 5, 0;
    %vpi_call 2 49 "$finish";
    %end;
    .thread T_1;
# The file index is used to find the file name in the following table.
:file_names 3;
    "N/A";
    "<interactive>";
    "tut-03-dff.v";
